C:\Users\ganterd\Desktop\Dissertation\KTMMeshCreator\Release\cl.command.1.tlog
C:\Users\ganterd\Desktop\Dissertation\KTMMeshCreator\Release\CL.read.1.tlog
C:\Users\ganterd\Desktop\Dissertation\KTMMeshCreator\Release\CL.write.1.tlog
C:\USERS\GANTERD\DESKTOP\DISSERTATION\KTMMESHCREATOR\RELEASE\KTMMESHCREATOR.EXE.INTERMEDIATE.MANIFEST
C:\USERS\GANTERD\DESKTOP\DISSERTATION\KTMMESHCREATOR\RELEASE\KTMMESHCREATOR.OBJ
C:\USERS\GANTERD\DESKTOP\DISSERTATION\KTMMESHCREATOR\RELEASE\KTMMESHCREATOR.PCH
C:\USERS\GANTERD\DESKTOP\DISSERTATION\KTMMESHCREATOR\RELEASE\KTMMESHCREATOR.RES
C:\Users\ganterd\Desktop\Dissertation\KTMMeshCreator\Release\KTMMeshCreator.write.1.tlog
C:\Users\ganterd\Desktop\Dissertation\KTMMeshCreator\Release\link.command.1.tlog
C:\Users\ganterd\Desktop\Dissertation\KTMMeshCreator\Release\link.read.1.tlog
C:\Users\ganterd\Desktop\Dissertation\KTMMeshCreator\Release\link.write.1.tlog
C:\Users\ganterd\Desktop\Dissertation\KTMMeshCreator\Release\link-cvtres.read.1.tlog
C:\Users\ganterd\Desktop\Dissertation\KTMMeshCreator\Release\link-cvtres.write.1.tlog
C:\Users\ganterd\Desktop\Dissertation\KTMMeshCreator\Release\mt.command.1.tlog
C:\Users\ganterd\Desktop\Dissertation\KTMMeshCreator\Release\mt.read.1.tlog
C:\Users\ganterd\Desktop\Dissertation\KTMMeshCreator\Release\mt.write.1.tlog
C:\Users\ganterd\Desktop\Dissertation\KTMMeshCreator\Release\rc.command.1.tlog
C:\Users\ganterd\Desktop\Dissertation\KTMMeshCreator\Release\rc.read.1.tlog
C:\Users\ganterd\Desktop\Dissertation\KTMMeshCreator\Release\rc.write.1.tlog
C:\USERS\GANTERD\DESKTOP\DISSERTATION\KTMMESHCREATOR\RELEASE\STDAFX.OBJ
C:\USERS\GANTERD\DESKTOP\DISSERTATION\KTMMESHCREATOR\RELEASE\VC100.PDB
C:\USERS\GANTERD\DESKTOP\DISSERTATION\RELEASE\KTMMESHCREATOR.EXE
C:\USERS\GANTERD\DESKTOP\DISSERTATION\RELEASE\KTMMESHCREATOR.PDB
